# JRE version: OpenJDK Runtime Environment (8.0_152-b01) (build 1.8.0_152-release-915-b01)
# Java VM: OpenJDK 64-Bit Server VM (25.152-b01 mixed mode windows-amd64 compressed oops)
Heap:
 PSYoungGen      total 193536K, used 137179K [0x00000000e0000000, 0x00000000ed280000, 0x0000000100000000)
  eden space 172032K, 76% used [0x00000000e0000000,0x00000000e80fdee8,0x00000000ea800000)
  from space 21504K, 23% used [0x00000000ebd00000,0x00000000ec1f90d8,0x00000000ed200000)
  to   space 21504K, 0% used [0x00000000ea800000,0x00000000ea800000,0x00000000ebd00000)
 ParOldGen       total 162816K, used 51128K [0x00000000a0000000, 0x00000000a9f00000, 0x00000000e0000000)
  object space 162816K, 31% used [0x00000000a0000000,0x00000000a31ee138,0x00000000a9f00000)
 Metaspace       used 71007K, capacity 74268K, committed 74388K, reserved 1114112K
  class space    used 9291K, capacity 10076K, committed 10172K, reserved 1048576K
GC Heap History (10 events):
Event: 16.000 GC heap before
{Heap before GC invocations=15 (full 2):
 PSYoungGen      total 140288K, used 118966K [0x00000000e0000000, 0x00000000ebd00000, 0x0000000100000000)
  eden space 125440K, 83% used [0x00000000e0000000,0x00000000e65b57d8,0x00000000e7a80000)
  from space 14848K, 99% used [0x00000000e8e00000,0x00000000e9c78200,0x00000000e9c80000)
  to   space 19968K, 0% used [0x00000000e7a80000,0x00000000e7a80000,0x00000000e8e00000)
 ParOldGen       total 95744K, used 28444K [0x00000000a0000000, 0x00000000a5d80000, 0x00000000e0000000)
  object space 95744K, 29% used [0x00000000a0000000,0x00000000a1bc73d0,0x00000000a5d80000)
 Metaspace       used 56637K, capacity 58948K, committed 59028K, reserved 1099776K
  class space    used 7741K, capacity 8362K, committed 8380K, reserved 1048576K
Event: 16.033 GC heap after
Heap after GC invocations=15 (full 2):
 PSYoungGen      total 145408K, used 12007K [0x00000000e0000000, 0x00000000ec500000, 0x0000000100000000)
  eden space 125440K, 0% used [0x00000000e0000000,0x00000000e0000000,0x00000000e7a80000)
  from space 19968K, 60% used [0x00000000e7a80000,0x00000000e8639f18,0x00000000e8e00000)
  to   space 19968K, 0% used [0x00000000eb180000,0x00000000eb180000,0x00000000ec500000)
 ParOldGen       total 95744K, used 43270K [0x00000000a0000000, 0x00000000a5d80000, 0x00000000e0000000)
  object space 95744K, 45% used [0x00000000a0000000,0x00000000a2a41928,0x00000000a5d80000)
 Metaspace       used 56637K, capacity 58948K, committed 59028K, reserved 1099776K
  class space    used 7741K, capacity 8362K, committed 8380K, reserved 1048576K
}
Event: 16.033 GC heap before
{Heap before GC invocations=16 (full 3):
 PSYoungGen      total 145408K, used 12007K [0x00000000e0000000, 0x00000000ec500000, 0x0000000100000000)
  eden space 125440K, 0% used [0x00000000e0000000,0x00000000e0000000,0x00000000e7a80000)
  from space 19968K, 60% used [0x00000000e7a80000,0x00000000e8639f18,0x00000000e8e00000)
  to   space 19968K, 0% used [0x00000000eb180000,0x00000000eb180000,0x00000000ec500000)
 ParOldGen       total 95744K, used 43270K [0x00000000a0000000, 0x00000000a5d80000, 0x00000000e0000000)
  object space 95744K, 45% used [0x00000000a0000000,0x00000000a2a41928,0x00000000a5d80000)
 Metaspace       used 56637K, capacity 58948K, committed 59028K, reserved 1099776K
  class space    used 7741K, capacity 8362K, committed 8380K, reserved 1048576K
Event: 16.377 GC heap after
Heap after GC invocations=16 (full 3):
 PSYoungGen      total 145408K, used 0K [0x00000000e0000000, 0x00000000ec500000, 0x0000000100000000)
  eden space 125440K, 0% used [0x00000000e0000000,0x00000000e0000000,0x00000000e7a80000)
  from space 19968K, 0% used [0x00000000e7a80000,0x00000000e7a80000,0x00000000e8e00000)
  to   space 19968K, 0% used [0x00000000eb180000,0x00000000eb180000,0x00000000ec500000)
 ParOldGen       total 162816K, used 46826K [0x00000000a0000000, 0x00000000a9f00000, 0x00000000e0000000)
  object space 162816K, 28% used [0x00000000a0000000,0x00000000a2dba8f0,0x00000000a9f00000)
 Metaspace       used 56637K, capacity 58948K, committed 59028K, reserved 1099776K
  class space    used 7741K, capacity 8362K, committed 8380K, reserved 1048576K
}
Event: 26.159 GC heap before
{Heap before GC invocations=17 (full 3):
 PSYoungGen      total 145408K, used 125440K [0x00000000e0000000, 0x00000000ec500000, 0x0000000100000000)
  eden space 125440K, 100% used [0x00000000e0000000,0x00000000e7a80000,0x00000000e7a80000)
  from space 19968K, 0% used [0x00000000e7a80000,0x00000000e7a80000,0x00000000e8e00000)
  to   space 19968K, 0% used [0x00000000eb180000,0x00000000eb180000,0x00000000ec500000)
 ParOldGen       total 162816K, used 46826K [0x00000000a0000000, 0x00000000a9f00000, 0x00000000e0000000)
  object space 162816K, 28% used [0x00000000a0000000,0x00000000a2dba8f0,0x00000000a9f00000)
 Metaspace       used 60680K, capacity 63336K, committed 63636K, reserved 1103872K
  class space    used 8133K, capacity 8802K, committed 8892K, reserved 1048576K
Event: 26.179 GC heap after
Heap after GC invocations=17 (full 3):
 PSYoungGen      total 158208K, used 9070K [0x00000000e0000000, 0x00000000eba80000, 0x0000000100000000)
  eden space 148992K, 0% used [0x00000000e0000000,0x00000000e0000000,0x00000000e9180000)
  from space 9216K, 98% used [0x00000000eb180000,0x00000000eba5b958,0x00000000eba80000)
  to   space 18944K, 0% used [0x00000000e9580000,0x00000000e9580000,0x00000000ea800000)
 ParOldGen       total 162816K, used 46834K [0x00000000a0000000, 0x00000000a9f00000, 0x00000000e0000000)
  object space 162816K, 28% used [0x00000000a0000000,0x00000000a2dbc8f0,0x00000000a9f00000)
 Metaspace       used 60680K, capacity 63336K, committed 63636K, reserved 1103872K
  class space    used 8133K, capacity 8802K, committed 8892K, reserved 1048576K
}
Event: 43.128 GC heap before
{Heap before GC invocations=18 (full 3):
 PSYoungGen      total 158208K, used 158062K [0x00000000e0000000, 0x00000000eba80000, 0x0000000100000000)
  eden space 148992K, 100% used [0x00000000e0000000,0x00000000e9180000,0x00000000e9180000)
  from space 9216K, 98% used [0x00000000eb180000,0x00000000eba5b958,0x00000000eba80000)
  to   space 18944K, 0% used [0x00000000e9580000,0x00000000e9580000,0x00000000ea800000)
 ParOldGen       total 162816K, used 46834K [0x00000000a0000000, 0x00000000a9f00000, 0x00000000e0000000)
  object space 162816K, 28% used [0x00000000a0000000,0x00000000a2dbc8f0,0x00000000a9f00000)
 Metaspace       used 64547K, capacity 67382K, committed 67604K, reserved 1107968K
  class space    used 8523K, capacity 9249K, committed 9276K, reserved 1048576K
Event: 43.149 GC heap after
Heap after GC invocations=18 (full 3):
 PSYoungGen      total 172032K, used 18926K [0x00000000e0000000, 0x00000000ed200000, 0x0000000100000000)
  eden space 153088K, 0% used [0x00000000e0000000,0x00000000e0000000,0x00000000e9580000)
  from space 18944K, 99% used [0x00000000e9580000,0x00000000ea7fbaf0,0x00000000ea800000)
  to   space 21504K, 0% used [0x00000000ebd00000,0x00000000ebd00000,0x00000000ed200000)
 ParOldGen       total 162816K, used 47575K [0x00000000a0000000, 0x00000000a9f00000, 0x00000000e0000000)
  object space 162816K, 29% used [0x00000000a0000000,0x00000000a2e75fd0,0x00000000a9f00000)
 Metaspace       used 64547K, capacity 67382K, committed 67604K, reserved 1107968K
  class space    used 8523K, capacity 9249K, committed 9276K, reserved 1048576K
}
Event: 71.813 GC heap before
{Heap before GC invocations=19 (full 3):
 PSYoungGen      total 172032K, used 172014K [0x00000000e0000000, 0x00000000ed200000, 0x0000000100000000)
  eden space 153088K, 100% used [0x00000000e0000000,0x00000000e9580000,0x00000000e9580000)
  from space 18944K, 99% used [0x00000000e9580000,0x00000000ea7fbaf0,0x00000000ea800000)
  to   space 21504K, 0% used [0x00000000ebd00000,0x00000000ebd00000,0x00000000ed200000)
 ParOldGen       total 162816K, used 47575K [0x00000000a0000000, 0x00000000a9f00000, 0x00000000e0000000)
  object space 162816K, 29% used [0x00000000a0000000,0x00000000a2e75fd0,0x00000000a9f00000)
 Metaspace       used 66415K, capacity 69588K, committed 69780K, reserved 1110016K
  class space    used 8748K, capacity 9564K, committed 9660K, reserved 1048576K
Event: 71.842 GC heap after
Heap after GC invocations=19 (full 3):
 PSYoungGen      total 193536K, used 5092K [0x00000000e0000000, 0x00000000ed280000, 0x0000000100000000)
  eden space 172032K, 0% used [0x00000000e0000000,0x00000000e0000000,0x00000000ea800000)
  from space 21504K, 23% used [0x00000000ebd00000,0x00000000ec1f90d8,0x00000000ed200000)
  to   space 21504K, 0% used [0x00000000ea800000,0x00000000ea800000,0x00000000ebd00000)
 ParOldGen       total 162816K, used 51128K [0x00000000a0000000, 0x00000000a9f00000, 0x00000000e0000000)
  object space 162816K, 31% used [0x00000000a0000000,0x00000000a31ee138,0x00000000a9f00000)
 Metaspace       used 66415K, capacity 69588K, committed 69780K, reserved 1110016K
  class space    used 8748K, capacity 9564K, committed 9660K, reserved 1048576K
}

