# JRE version: OpenJDK Runtime Environment (8.0_152-b01) (build 1.8.0_152-release-915-b01)
# Java VM: OpenJDK 64-Bit Server VM (25.152-b01 mixed mode windows-amd64 compressed oops)
Heap:
 PSYoungGen      total 182272K, used 64168K [0x00000000e0000000, 0x00000000edc80000, 0x0000000100000000)
  eden space 161280K, 28% used [0x00000000e0000000,0x00000000e2d1ab28,0x00000000e9d80000)
  from space 20992K, 85% used [0x00000000e9d80000,0x00000000eaf0f6f0,0x00000000eb200000)
  to   space 23040K, 0% used [0x00000000ec600000,0x00000000ec600000,0x00000000edc80000)
 ParOldGen       total 166912K, used 34783K [0x00000000a0000000, 0x00000000aa300000, 0x00000000e0000000)
  object space 166912K, 20% used [0x00000000a0000000,0x00000000a21f7ed8,0x00000000aa300000)
 Metaspace       used 63903K, capacity 66240K, committed 66520K, reserved 1107968K
  class space    used 8277K, capacity 8835K, committed 8960K, reserved 1048576K
GC Heap History (10 events):
Event: 19.763 GC heap before
{Heap before GC invocations=10 (full 2):
 PSYoungGen      total 117760K, used 107008K [0x00000000e0000000, 0x00000000ebf00000, 0x0000000100000000)
  eden space 107008K, 100% used [0x00000000e0000000,0x00000000e6880000,0x00000000e6880000)
  from space 10752K, 0% used [0x00000000e6880000,0x00000000e6880000,0x00000000e7300000)
  to   space 11776K, 0% used [0x00000000eb380000,0x00000000eb380000,0x00000000ebf00000)
 ParOldGen       total 102400K, used 15765K [0x00000000a0000000, 0x00000000a6400000, 0x00000000e0000000)
  object space 102400K, 15% used [0x00000000a0000000,0x00000000a0f65550,0x00000000a6400000)
 Metaspace       used 41241K, capacity 42102K, committed 42456K, reserved 1085440K
  class space    used 5501K, capacity 5790K, committed 5888K, reserved 1048576K
Event: 19.786 GC heap after
Heap after GC invocations=10 (full 2):
 PSYoungGen      total 139264K, used 11773K [0x00000000e0000000, 0x00000000ebf00000, 0x0000000100000000)
  eden space 127488K, 0% used [0x00000000e0000000,0x00000000e0000000,0x00000000e7c80000)
  from space 11776K, 99% used [0x00000000eb380000,0x00000000ebeff488,0x00000000ebf00000)
  to   space 13312K, 0% used [0x00000000ea500000,0x00000000ea500000,0x00000000eb200000)
 ParOldGen       total 102400K, used 15940K [0x00000000a0000000, 0x00000000a6400000, 0x00000000e0000000)
  object space 102400K, 15% used [0x00000000a0000000,0x00000000a0f91070,0x00000000a6400000)
 Metaspace       used 41241K, capacity 42102K, committed 42456K, reserved 1085440K
  class space    used 5501K, capacity 5790K, committed 5888K, reserved 1048576K
}
Event: 24.524 GC heap before
{Heap before GC invocations=11 (full 2):
 PSYoungGen      total 139264K, used 139261K [0x00000000e0000000, 0x00000000ebf00000, 0x0000000100000000)
  eden space 127488K, 100% used [0x00000000e0000000,0x00000000e7c80000,0x00000000e7c80000)
  from space 11776K, 99% used [0x00000000eb380000,0x00000000ebeff488,0x00000000ebf00000)
  to   space 13312K, 0% used [0x00000000ea500000,0x00000000ea500000,0x00000000eb200000)
 ParOldGen       total 102400K, used 15940K [0x00000000a0000000, 0x00000000a6400000, 0x00000000e0000000)
  object space 102400K, 15% used [0x00000000a0000000,0x00000000a0f91070,0x00000000a6400000)
 Metaspace       used 52119K, capacity 53762K, committed 53848K, reserved 1095680K
  class space    used 7069K, capacity 7496K, committed 7552K, reserved 1048576K
Event: 24.644 GC heap after
Heap after GC invocations=11 (full 2):
 PSYoungGen      total 160256K, used 13309K [0x00000000e0000000, 0x00000000eb400000, 0x0000000100000000)
  eden space 146944K, 0% used [0x00000000e0000000,0x00000000e0000000,0x00000000e8f80000)
  from space 13312K, 99% used [0x00000000ea500000,0x00000000eb1ff500,0x00000000eb200000)
  to   space 2048K, 0% used [0x00000000eb200000,0x00000000eb200000,0x00000000eb400000)
 ParOldGen       total 102400K, used 22033K [0x00000000a0000000, 0x00000000a6400000, 0x00000000e0000000)
  object space 102400K, 21% used [0x00000000a0000000,0x00000000a1584668,0x00000000a6400000)
 Metaspace       used 52119K, capacity 53762K, committed 53848K, reserved 1095680K
  class space    used 7069K, capacity 7496K, committed 7552K, reserved 1048576K
}
Event: 46.260 GC heap before
{Heap before GC invocations=12 (full 2):
 PSYoungGen      total 160256K, used 147349K [0x00000000e0000000, 0x00000000eb400000, 0x0000000100000000)
  eden space 146944K, 91% used [0x00000000e0000000,0x00000000e82e6090,0x00000000e8f80000)
  from space 13312K, 99% used [0x00000000ea500000,0x00000000eb1ff500,0x00000000eb200000)
  to   space 2048K, 0% used [0x00000000eb200000,0x00000000eb200000,0x00000000eb400000)
 ParOldGen       total 102400K, used 22033K [0x00000000a0000000, 0x00000000a6400000, 0x00000000e0000000)
  object space 102400K, 21% used [0x00000000a0000000,0x00000000a1584668,0x00000000a6400000)
 Metaspace       used 57107K, capacity 58932K, committed 59028K, reserved 1099776K
  class space    used 7723K, capacity 8163K, committed 8192K, reserved 1048576K
Event: 46.339 GC heap after
Heap after GC invocations=12 (full 2):
 PSYoungGen      total 163328K, used 2048K [0x00000000e0000000, 0x00000000ecb00000, 0x0000000100000000)
  eden space 161280K, 0% used [0x00000000e0000000,0x00000000e0000000,0x00000000e9d80000)
  from space 2048K, 100% used [0x00000000eb200000,0x00000000eb400000,0x00000000eb400000)
  to   space 20992K, 0% used [0x00000000e9d80000,0x00000000e9d80000,0x00000000eb200000)
 ParOldGen       total 102400K, used 41897K [0x00000000a0000000, 0x00000000a6400000, 0x00000000e0000000)
  object space 102400K, 40% used [0x00000000a0000000,0x00000000a28ea488,0x00000000a6400000)
 Metaspace       used 57107K, capacity 58932K, committed 59028K, reserved 1099776K
  class space    used 7723K, capacity 8163K, committed 8192K, reserved 1048576K
}
Event: 46.339 GC heap before
{Heap before GC invocations=13 (full 3):
 PSYoungGen      total 163328K, used 2048K [0x00000000e0000000, 0x00000000ecb00000, 0x0000000100000000)
  eden space 161280K, 0% used [0x00000000e0000000,0x00000000e0000000,0x00000000e9d80000)
  from space 2048K, 100% used [0x00000000eb200000,0x00000000eb400000,0x00000000eb400000)
  to   space 20992K, 0% used [0x00000000e9d80000,0x00000000e9d80000,0x00000000eb200000)
 ParOldGen       total 102400K, used 41897K [0x00000000a0000000, 0x00000000a6400000, 0x00000000e0000000)
  object space 102400K, 40% used [0x00000000a0000000,0x00000000a28ea488,0x00000000a6400000)
 Metaspace       used 57107K, capacity 58932K, committed 59028K, reserved 1099776K
  class space    used 7723K, capacity 8163K, committed 8192K, reserved 1048576K
Event: 47.107 GC heap after
Heap after GC invocations=13 (full 3):
 PSYoungGen      total 163328K, used 0K [0x00000000e0000000, 0x00000000ecb00000, 0x0000000100000000)
  eden space 161280K, 0% used [0x00000000e0000000,0x00000000e0000000,0x00000000e9d80000)
  from space 2048K, 0% used [0x00000000eb200000,0x00000000eb200000,0x00000000eb400000)
  to   space 20992K, 0% used [0x00000000e9d80000,0x00000000e9d80000,0x00000000eb200000)
 ParOldGen       total 166912K, used 34775K [0x00000000a0000000, 0x00000000aa300000, 0x00000000e0000000)
  object space 166912K, 20% used [0x00000000a0000000,0x00000000a21f5ed8,0x00000000aa300000)
 Metaspace       used 57107K, capacity 58932K, committed 59028K, reserved 1099776K
  class space    used 7723K, capacity 8163K, committed 8192K, reserved 1048576K
}
Event: 115.026 GC heap before
{Heap before GC invocations=14 (full 3):
 PSYoungGen      total 163328K, used 161280K [0x00000000e0000000, 0x00000000ecb00000, 0x0000000100000000)
  eden space 161280K, 100% used [0x00000000e0000000,0x00000000e9d80000,0x00000000e9d80000)
  from space 2048K, 0% used [0x00000000eb200000,0x00000000eb200000,0x00000000eb400000)
  to   space 20992K, 0% used [0x00000000e9d80000,0x00000000e9d80000,0x00000000eb200000)
 ParOldGen       total 166912K, used 34775K [0x00000000a0000000, 0x00000000aa300000, 0x00000000e0000000)
  object space 166912K, 20% used [0x00000000a0000000,0x00000000a21f5ed8,0x00000000aa300000)
 Metaspace       used 63563K, capacity 65726K, committed 65880K, reserved 1105920K
  class space    used 8271K, capacity 8824K, committed 8832K, reserved 1048576K
Event: 115.047 GC heap after
Heap after GC invocations=14 (full 3):
 PSYoungGen      total 182272K, used 17981K [0x00000000e0000000, 0x00000000edc80000, 0x0000000100000000)
  eden space 161280K, 0% used [0x00000000e0000000,0x00000000e0000000,0x00000000e9d80000)
  from space 20992K, 85% used [0x00000000e9d80000,0x00000000eaf0f6f0,0x00000000eb200000)
  to   space 23040K, 0% used [0x00000000ec600000,0x00000000ec600000,0x00000000edc80000)
 ParOldGen       total 166912K, used 34783K [0x00000000a0000000, 0x00000000aa300000, 0x00000000e0000000)
  object space 166912K, 20% used [0x00000000a0000000,0x00000000a21f7ed8,0x00000000aa300000)
 Metaspace       used 63563K, capacity 65726K, committed 65880K, reserved 1105920K
  class space    used 8271K, capacity 8824K, committed 8832K, reserved 1048576K
}

