# JRE version: OpenJDK Runtime Environment (8.0_152-b01) (build 1.8.0_152-release-915-b01)
# Java VM: OpenJDK 64-Bit Server VM (25.152-b01 mixed mode windows-amd64 compressed oops)
Heap:
 PSYoungGen      total 162816K, used 108383K [0x00000000e0000000, 0x00000000edc80000, 0x0000000100000000)
  eden space 147456K, 73% used [0x00000000e0000000,0x00000000e69d7e70,0x00000000e9000000)
  from space 15360K, 0% used [0x00000000ea780000,0x00000000ea780000,0x00000000eb680000)
  to   space 24064K, 0% used [0x00000000e9000000,0x00000000e9000000,0x00000000ea780000)
 ParOldGen       total 152576K, used 47013K [0x00000000a0000000, 0x00000000a9500000, 0x00000000e0000000)
  object space 152576K, 30% used [0x00000000a0000000,0x00000000a2de97b8,0x00000000a9500000)
 Metaspace       used 62006K, capacity 64006K, committed 64216K, reserved 1105920K
  class space    used 8139K, capacity 8600K, committed 8704K, reserved 1048576K
GC Heap History (10 events):
Event: 11.355 GC heap before
{Heap before GC invocations=11 (full 2):
 PSYoungGen      total 104960K, used 4872K [0x00000000e0000000, 0x00000000e9e80000, 0x0000000100000000)
  eden space 94208K, 0% used [0x00000000e0000000,0x00000000e0000000,0x00000000e5c00000)
  from space 10752K, 45% used [0x00000000e5c00000,0x00000000e60c2088,0x00000000e6680000)
  to   space 10752K, 0% used [0x00000000e9400000,0x00000000e9400000,0x00000000e9e80000)
 ParOldGen       total 59904K, used 12756K [0x00000000a0000000, 0x00000000a3a80000, 0x00000000e0000000)
  object space 59904K, 21% used [0x00000000a0000000,0x00000000a0c75120,0x00000000a3a80000)
 Metaspace       used 34469K, capacity 35208K, committed 35416K, reserved 1079296K
  class space    used 4678K, capacity 4960K, committed 4992K, reserved 1048576K
Event: 11.459 GC heap after
Heap after GC invocations=11 (full 2):
 PSYoungGen      total 104960K, used 0K [0x00000000e0000000, 0x00000000e9e80000, 0x0000000100000000)
  eden space 94208K, 0% used [0x00000000e0000000,0x00000000e0000000,0x00000000e5c00000)
  from space 10752K, 0% used [0x00000000e5c00000,0x00000000e5c00000,0x00000000e6680000)
  to   space 10752K, 0% used [0x00000000e9400000,0x00000000e9400000,0x00000000e9e80000)
 ParOldGen       total 87040K, used 14555K [0x00000000a0000000, 0x00000000a5500000, 0x00000000e0000000)
  object space 87040K, 16% used [0x00000000a0000000,0x00000000a0e36cc8,0x00000000a5500000)
 Metaspace       used 34469K, capacity 35208K, committed 35416K, reserved 1079296K
  class space    used 4678K, capacity 4960K, committed 4992K, reserved 1048576K
}
Event: 12.550 GC heap before
{Heap before GC invocations=12 (full 2):
 PSYoungGen      total 104960K, used 94208K [0x00000000e0000000, 0x00000000e9e80000, 0x0000000100000000)
  eden space 94208K, 100% used [0x00000000e0000000,0x00000000e5c00000,0x00000000e5c00000)
  from space 10752K, 0% used [0x00000000e5c00000,0x00000000e5c00000,0x00000000e6680000)
  to   space 10752K, 0% used [0x00000000e9400000,0x00000000e9400000,0x00000000e9e80000)
 ParOldGen       total 87040K, used 14555K [0x00000000a0000000, 0x00000000a5500000, 0x00000000e0000000)
  object space 87040K, 16% used [0x00000000a0000000,0x00000000a0e36cc8,0x00000000a5500000)
 Metaspace       used 40674K, capacity 41550K, committed 42072K, reserved 1085440K
  class space    used 5394K, capacity 5675K, committed 5760K, reserved 1048576K
Event: 12.563 GC heap after
Heap after GC invocations=12 (full 2):
 PSYoungGen      total 132608K, used 9923K [0x00000000e0000000, 0x00000000e9e00000, 0x0000000100000000)
  eden space 122368K, 0% used [0x00000000e0000000,0x00000000e0000000,0x00000000e7780000)
  from space 10240K, 96% used [0x00000000e9400000,0x00000000e9db0d10,0x00000000e9e00000)
  to   space 11776K, 0% used [0x00000000e8700000,0x00000000e8700000,0x00000000e9280000)
 ParOldGen       total 87040K, used 14563K [0x00000000a0000000, 0x00000000a5500000, 0x00000000e0000000)
  object space 87040K, 16% used [0x00000000a0000000,0x00000000a0e38cc8,0x00000000a5500000)
 Metaspace       used 40674K, capacity 41550K, committed 42072K, reserved 1085440K
  class space    used 5394K, capacity 5675K, committed 5760K, reserved 1048576K
}
Event: 14.806 GC heap before
{Heap before GC invocations=13 (full 2):
 PSYoungGen      total 132608K, used 132291K [0x00000000e0000000, 0x00000000e9e00000, 0x0000000100000000)
  eden space 122368K, 100% used [0x00000000e0000000,0x00000000e7780000,0x00000000e7780000)
  from space 10240K, 96% used [0x00000000e9400000,0x00000000e9db0d10,0x00000000e9e00000)
  to   space 11776K, 0% used [0x00000000e8700000,0x00000000e8700000,0x00000000e9280000)
 ParOldGen       total 87040K, used 14563K [0x00000000a0000000, 0x00000000a5500000, 0x00000000e0000000)
  object space 87040K, 16% used [0x00000000a0000000,0x00000000a0e38cc8,0x00000000a5500000)
 Metaspace       used 50748K, capacity 52368K, committed 52696K, reserved 1095680K
  class space    used 6864K, capacity 7297K, committed 7424K, reserved 1048576K
Event: 14.825 GC heap after
Heap after GC invocations=13 (full 2):
 PSYoungGen      total 150016K, used 11773K [0x00000000e0000000, 0x00000000eb680000, 0x0000000100000000)
  eden space 138240K, 0% used [0x00000000e0000000,0x00000000e0000000,0x00000000e8700000)
  from space 11776K, 99% used [0x00000000e8700000,0x00000000e927f4e0,0x00000000e9280000)
  to   space 15360K, 0% used [0x00000000ea780000,0x00000000ea780000,0x00000000eb680000)
 ParOldGen       total 87040K, used 20145K [0x00000000a0000000, 0x00000000a5500000, 0x00000000e0000000)
  object space 87040K, 23% used [0x00000000a0000000,0x00000000a13ac4e0,0x00000000a5500000)
 Metaspace       used 50748K, capacity 52368K, committed 52696K, reserved 1095680K
  class space    used 6864K, capacity 7297K, committed 7424K, reserved 1048576K
}
Event: 16.942 GC heap before
{Heap before GC invocations=14 (full 2):
 PSYoungGen      total 150016K, used 143292K [0x00000000e0000000, 0x00000000eb680000, 0x0000000100000000)
  eden space 138240K, 95% used [0x00000000e0000000,0x00000000e806fc60,0x00000000e8700000)
  from space 11776K, 99% used [0x00000000e8700000,0x00000000e927f4e0,0x00000000e9280000)
  to   space 15360K, 0% used [0x00000000ea780000,0x00000000ea780000,0x00000000eb680000)
 ParOldGen       total 87040K, used 20145K [0x00000000a0000000, 0x00000000a5500000, 0x00000000e0000000)
  object space 87040K, 23% used [0x00000000a0000000,0x00000000a13ac4e0,0x00000000a5500000)
 Metaspace       used 57152K, capacity 58866K, committed 59028K, reserved 1099776K
  class space    used 7662K, capacity 8126K, committed 8192K, reserved 1048576K
Event: 16.990 GC heap after
Heap after GC invocations=14 (full 2):
 PSYoungGen      total 162816K, used 15358K [0x00000000e0000000, 0x00000000edc80000, 0x0000000100000000)
  eden space 147456K, 0% used [0x00000000e0000000,0x00000000e0000000,0x00000000e9000000)
  from space 15360K, 99% used [0x00000000ea780000,0x00000000eb67f828,0x00000000eb680000)
  to   space 24064K, 0% used [0x00000000e9000000,0x00000000e9000000,0x00000000ea780000)
 ParOldGen       total 87040K, used 38703K [0x00000000a0000000, 0x00000000a5500000, 0x00000000e0000000)
  object space 87040K, 44% used [0x00000000a0000000,0x00000000a25cbde0,0x00000000a5500000)
 Metaspace       used 57152K, capacity 58866K, committed 59028K, reserved 1099776K
  class space    used 7662K, capacity 8126K, committed 8192K, reserved 1048576K
}
Event: 16.990 GC heap before
{Heap before GC invocations=15 (full 3):
 PSYoungGen      total 162816K, used 15358K [0x00000000e0000000, 0x00000000edc80000, 0x0000000100000000)
  eden space 147456K, 0% used [0x00000000e0000000,0x00000000e0000000,0x00000000e9000000)
  from space 15360K, 99% used [0x00000000ea780000,0x00000000eb67f828,0x00000000eb680000)
  to   space 24064K, 0% used [0x00000000e9000000,0x00000000e9000000,0x00000000ea780000)
 ParOldGen       total 87040K, used 38703K [0x00000000a0000000, 0x00000000a5500000, 0x00000000e0000000)
  object space 87040K, 44% used [0x00000000a0000000,0x00000000a25cbde0,0x00000000a5500000)
 Metaspace       used 57152K, capacity 58866K, committed 59028K, reserved 1099776K
  class space    used 7662K, capacity 8126K, committed 8192K, reserved 1048576K
Event: 17.336 GC heap after
Heap after GC invocations=15 (full 3):
 PSYoungGen      total 162816K, used 0K [0x00000000e0000000, 0x00000000edc80000, 0x0000000100000000)
  eden space 147456K, 0% used [0x00000000e0000000,0x00000000e0000000,0x00000000e9000000)
  from space 15360K, 0% used [0x00000000ea780000,0x00000000ea780000,0x00000000eb680000)
  to   space 24064K, 0% used [0x00000000e9000000,0x00000000e9000000,0x00000000ea780000)
 ParOldGen       total 152576K, used 47013K [0x00000000a0000000, 0x00000000a9500000, 0x00000000e0000000)
  object space 152576K, 30% used [0x00000000a0000000,0x00000000a2de97b8,0x00000000a9500000)
 Metaspace       used 57152K, capacity 58866K, committed 59028K, reserved 1099776K
  class space    used 7662K, capacity 8126K, committed 8192K, reserved 1048576K
}

